<?xml version="1.0" encoding="UTF-8"?>
<Site BuildName="Linux-c++"
	BuildStamp="20220805-0741-Experimental"
	Name="linux"
	Generator="ctest-3.23.2"
	CompilerName="/usr/bin/c++"
	CompilerVersion="12.1.0"
	OSName="Linux"
	Hostname="linux"
	OSRelease="5.15.57-2-MANJARO"
	OSVersion="#1 SMP PREEMPT Mon Jul 25 01:32:51 UTC 2022"
	OSPlatform="x86_64"
	Is64Bits="1"
	VendorString="GenuineIntel"
	VendorID="Intel Corporation"
	FamilyID="6"
	ModelID="165"
	ProcessorCacheSize="16384"
	NumberOfLogicalCPU="16"
	NumberOfPhysicalCPU="8"
	TotalVirtualMemory="10239"
	TotalPhysicalMemory="15901"
	LogicalProcessorsPerPhysical="2"
	ProcessorClockFrequency="4526.93"
	>
	<Build>
		<StartDateTime>Aug 05 15:41 CST</StartDateTime>
		<StartBuildTime>1659685273</StartBuildTime>
		<BuildCommand>/usr/bin/cmake --build . --config "Release"</BuildCommand>
		<Log Encoding="base64" Compression="bin/gzip"/>
		<EndDateTime>Aug 05 15:41 CST</EndDateTime>
		<EndBuildTime>1659685273</EndBuildTime>
		<ElapsedMinutes>0</ElapsedMinutes>
	</Build>
</Site>
